<?xml version="1.0" encoding="UTF-8"?>
<testng-results ignored="0" total="1" passed="1" failed="0" skipped="0">
  <reporter-output>
  </reporter-output>
  <suite started-at="2024-12-24T12:53:58 IST" name="Default suite" finished-at="2024-12-24T12:54:30 IST" duration-ms="31834">
    <groups>
    </groups>
    <test started-at="2024-12-24T12:53:58 IST" name="Default test" finished-at="2024-12-24T12:54:30 IST" duration-ms="31834">
      <class name="TestClasses.BookToCart">
        <test-method signature="addBookToCart()[pri:0, instance:TestClasses.BookToCart@cb0755b]" started-at="2024-12-24T12:53:58 IST" name="addBookToCart" finished-at="2024-12-24T12:54:30 IST" duration-ms="31760" status="PASS">
          <reporter-output>
          </reporter-output>
        </test-method> <!-- addBookToCart -->
      </class> <!-- TestClasses.BookToCart -->
    </test> <!-- Default test -->
  </suite> <!-- Default suite -->
</testng-results>
